mode: atomic
not_your_fathers_search_engine/pkg/services/linkgraph/store/memory/iterator.go:24.43,32.2 5 1606
not_your_fathers_search_engine/pkg/services/linkgraph/store/memory/iterator.go:34.36,35.32 1 1661
not_your_fathers_search_engine/pkg/services/linkgraph/store/memory/iterator.go:39.2,40.13 2 1606
not_your_fathers_search_engine/pkg/services/linkgraph/store/memory/iterator.go:35.32,37.3 1 55
not_your_fathers_search_engine/pkg/services/linkgraph/store/memory/iterator.go:43.38,45.2 1 34
not_your_fathers_search_engine/pkg/services/linkgraph/store/memory/iterator.go:47.38,49.2 1 65
not_your_fathers_search_engine/pkg/services/linkgraph/store/memory/iterator.go:51.43,57.2 5 1306
not_your_fathers_search_engine/pkg/services/linkgraph/store/memory/iterator.go:59.36,60.32 1 1341
not_your_fathers_search_engine/pkg/services/linkgraph/store/memory/iterator.go:64.2,65.13 2 1306
not_your_fathers_search_engine/pkg/services/linkgraph/store/memory/iterator.go:60.32,62.3 1 35
not_your_fathers_search_engine/pkg/services/linkgraph/store/memory/iterator.go:68.38,70.2 1 34
not_your_fathers_search_engine/pkg/services/linkgraph/store/memory/iterator.go:72.38,74.2 1 66
not_your_fathers_search_engine/pkg/services/linkgraph/store/memory/memory.go:31.40,38.2 1 10
not_your_fathers_search_engine/pkg/services/linkgraph/store/memory/memory.go:41.60,47.59 3 1014
not_your_fathers_search_engine/pkg/services/linkgraph/store/memory/memory.go:58.2,58.6 1 1012
not_your_fathers_search_engine/pkg/services/linkgraph/store/memory/memory.go:65.2,69.12 5 1012
not_your_fathers_search_engine/pkg/services/linkgraph/store/memory/memory.go:47.59,51.41 4 2
not_your_fathers_search_engine/pkg/services/linkgraph/store/memory/memory.go:54.3,54.13 1 2
not_your_fathers_search_engine/pkg/services/linkgraph/store/memory/memory.go:51.41,53.4 1 1
not_your_fathers_search_engine/pkg/services/linkgraph/store/memory/memory.go:58.6,60.30 2 1012
not_your_fathers_search_engine/pkg/services/linkgraph/store/memory/memory.go:60.30,61.9 1 1012
not_your_fathers_search_engine/pkg/services/linkgraph/store/memory/memory.go:73.69,78.17 4 4
not_your_fathers_search_engine/pkg/services/linkgraph/store/memory/memory.go:82.2,84.19 3 3
not_your_fathers_search_engine/pkg/services/linkgraph/store/memory/memory.go:78.17,80.3 1 1
not_your_fathers_search_engine/pkg/services/linkgraph/store/memory/memory.go:89.110,94.36 4 55
not_your_fathers_search_engine/pkg/services/linkgraph/store/memory/memory.go:99.2,101.46 2 55
not_your_fathers_search_engine/pkg/services/linkgraph/store/memory/memory.go:94.36,95.95 1 7309
not_your_fathers_search_engine/pkg/services/linkgraph/store/memory/memory.go:95.95,97.4 1 1606
not_your_fathers_search_engine/pkg/services/linkgraph/store/memory/memory.go:105.60,111.30 5 406
not_your_fathers_search_engine/pkg/services/linkgraph/store/memory/memory.go:116.2,116.49 1 405
not_your_fathers_search_engine/pkg/services/linkgraph/store/memory/memory.go:126.2,126.6 1 404
not_your_fathers_search_engine/pkg/services/linkgraph/store/memory/memory.go:133.2,141.12 6 404
not_your_fathers_search_engine/pkg/services/linkgraph/store/memory/memory.go:111.30,113.3 1 1
not_your_fathers_search_engine/pkg/services/linkgraph/store/memory/memory.go:116.49,118.67 2 29804
not_your_fathers_search_engine/pkg/services/linkgraph/store/memory/memory.go:118.67,122.4 3 1
not_your_fathers_search_engine/pkg/services/linkgraph/store/memory/memory.go:126.6,128.30 2 404
not_your_fathers_search_engine/pkg/services/linkgraph/store/memory/memory.go:128.30,129.9 1 404
not_your_fathers_search_engine/pkg/services/linkgraph/store/memory/memory.go:147.108,152.30 4 35
not_your_fathers_search_engine/pkg/services/linkgraph/store/memory/memory.go:163.2,165.46 2 35
not_your_fathers_search_engine/pkg/services/linkgraph/store/memory/memory.go:152.30,153.51 1 6609
not_your_fathers_search_engine/pkg/services/linkgraph/store/memory/memory.go:157.3,157.48 1 2809
not_your_fathers_search_engine/pkg/services/linkgraph/store/memory/memory.go:153.51,154.12 1 3800
not_your_fathers_search_engine/pkg/services/linkgraph/store/memory/memory.go:157.48,158.69 1 1309
not_your_fathers_search_engine/pkg/services/linkgraph/store/memory/memory.go:158.69,160.5 1 1306
not_your_fathers_search_engine/pkg/services/linkgraph/store/memory/memory.go:170.91,175.47 4 1
not_your_fathers_search_engine/pkg/services/linkgraph/store/memory/memory.go:186.2,187.12 2 1
not_your_fathers_search_engine/pkg/services/linkgraph/store/memory/memory.go:175.47,177.43 2 200
not_your_fathers_search_engine/pkg/services/linkgraph/store/memory/memory.go:182.3,182.44 1 100
not_your_fathers_search_engine/pkg/services/linkgraph/store/memory/memory.go:177.43,179.12 2 100
not_your_fathers_search_engine/pkg/services/text_indexer/store/elastic_search/elastic_search.go:78.33,80.2 1 0
not_your_fathers_search_engine/pkg/services/text_indexer/store/elastic_search/elastic_search.go:94.97,99.16 3 0
not_your_fathers_search_engine/pkg/services/text_indexer/store/elastic_search/elastic_search.go:103.2,103.39 1 0
not_your_fathers_search_engine/pkg/services/text_indexer/store/elastic_search/elastic_search.go:107.2,108.17 2 0
not_your_fathers_search_engine/pkg/services/text_indexer/store/elastic_search/elastic_search.go:112.2,115.8 1 0
not_your_fathers_search_engine/pkg/services/text_indexer/store/elastic_search/elastic_search.go:99.16,101.3 1 0
not_your_fathers_search_engine/pkg/services/text_indexer/store/elastic_search/elastic_search.go:103.39,105.3 1 0
not_your_fathers_search_engine/pkg/services/text_indexer/store/elastic_search/elastic_search.go:108.17,110.3 1 0
not_your_fathers_search_engine/pkg/services/text_indexer/store/elastic_search/elastic_search.go:120.65,121.28 1 0
not_your_fathers_search_engine/pkg/services/text_indexer/store/elastic_search/elastic_search.go:125.2,133.61 3 0
not_your_fathers_search_engine/pkg/services/text_indexer/store/elastic_search/elastic_search.go:137.2,138.16 2 0
not_your_fathers_search_engine/pkg/services/text_indexer/store/elastic_search/elastic_search.go:142.2,143.58 2 0
not_your_fathers_search_engine/pkg/services/text_indexer/store/elastic_search/elastic_search.go:147.2,147.12 1 0
not_your_fathers_search_engine/pkg/services/text_indexer/store/elastic_search/elastic_search.go:121.28,123.3 1 0
not_your_fathers_search_engine/pkg/services/text_indexer/store/elastic_search/elastic_search.go:133.61,135.3 1 0
not_your_fathers_search_engine/pkg/services/text_indexer/store/elastic_search/elastic_search.go:138.16,140.3 1 0
not_your_fathers_search_engine/pkg/services/text_indexer/store/elastic_search/elastic_search.go:143.58,145.3 1 0
not_your_fathers_search_engine/pkg/services/text_indexer/store/elastic_search/elastic_search.go:151.84,162.60 3 0
not_your_fathers_search_engine/pkg/services/text_indexer/store/elastic_search/elastic_search.go:166.2,167.16 2 0
not_your_fathers_search_engine/pkg/services/text_indexer/store/elastic_search/elastic_search.go:171.2,171.38 1 0
not_your_fathers_search_engine/pkg/services/text_indexer/store/elastic_search/elastic_search.go:175.2,175.60 1 0
not_your_fathers_search_engine/pkg/services/text_indexer/store/elastic_search/elastic_search.go:162.60,164.3 1 0
not_your_fathers_search_engine/pkg/services/text_indexer/store/elastic_search/elastic_search.go:167.16,169.3 1 0
not_your_fathers_search_engine/pkg/services/text_indexer/store/elastic_search/elastic_search.go:171.38,173.3 1 0
not_your_fathers_search_engine/pkg/services/text_indexer/store/elastic_search/elastic_search.go:180.78,182.16 2 0
not_your_fathers_search_engine/pkg/services/text_indexer/store/elastic_search/elastic_search.go:189.2,211.16 3 0
not_your_fathers_search_engine/pkg/services/text_indexer/store/elastic_search/elastic_search.go:215.2,215.86 1 0
not_your_fathers_search_engine/pkg/services/text_indexer/store/elastic_search/elastic_search.go:183.29,184.19 1 0
not_your_fathers_search_engine/pkg/services/text_indexer/store/elastic_search/elastic_search.go:185.10,186.24 1 0
not_your_fathers_search_engine/pkg/services/text_indexer/store/elastic_search/elastic_search.go:211.16,213.3 1 0
not_your_fathers_search_engine/pkg/services/text_indexer/store/elastic_search/elastic_search.go:221.83,230.61 3 0
not_your_fathers_search_engine/pkg/services/text_indexer/store/elastic_search/elastic_search.go:234.2,235.16 2 0
not_your_fathers_search_engine/pkg/services/text_indexer/store/elastic_search/elastic_search.go:239.2,240.58 2 0
not_your_fathers_search_engine/pkg/services/text_indexer/store/elastic_search/elastic_search.go:244.2,244.12 1 0
not_your_fathers_search_engine/pkg/services/text_indexer/store/elastic_search/elastic_search.go:230.61,232.3 1 0
not_your_fathers_search_engine/pkg/services/text_indexer/store/elastic_search/elastic_search.go:235.16,237.3 1 0
not_your_fathers_search_engine/pkg/services/text_indexer/store/elastic_search/elastic_search.go:240.58,242.3 1 0
not_your_fathers_search_engine/pkg/services/text_indexer/store/elastic_search/elastic_search.go:247.40,250.16 3 0
not_your_fathers_search_engine/pkg/services/text_indexer/store/elastic_search/elastic_search.go:260.2,260.12 1 0
not_your_fathers_search_engine/pkg/services/text_indexer/store/elastic_search/elastic_search.go:250.16,252.3 1 0
not_your_fathers_search_engine/pkg/services/text_indexer/store/elastic_search/elastic_search.go:252.8,252.26 1 0
not_your_fathers_search_engine/pkg/services/text_indexer/store/elastic_search/elastic_search.go:252.26,254.96 2 0
not_your_fathers_search_engine/pkg/services/text_indexer/store/elastic_search/elastic_search.go:257.3,257.59 1 0
not_your_fathers_search_engine/pkg/services/text_indexer/store/elastic_search/elastic_search.go:254.96,256.4 1 0
not_your_fathers_search_engine/pkg/services/text_indexer/store/elastic_search/elastic_search.go:263.90,265.66 2 0
not_your_fathers_search_engine/pkg/services/text_indexer/store/elastic_search/elastic_search.go:270.2,275.16 2 0
not_your_fathers_search_engine/pkg/services/text_indexer/store/elastic_search/elastic_search.go:279.2,280.54 2 0
not_your_fathers_search_engine/pkg/services/text_indexer/store/elastic_search/elastic_search.go:284.2,284.20 1 0
not_your_fathers_search_engine/pkg/services/text_indexer/store/elastic_search/elastic_search.go:265.66,267.3 1 0
not_your_fathers_search_engine/pkg/services/text_indexer/store/elastic_search/elastic_search.go:275.16,277.3 1 0
not_your_fathers_search_engine/pkg/services/text_indexer/store/elastic_search/elastic_search.go:280.54,282.3 1 0
not_your_fathers_search_engine/pkg/services/text_indexer/store/elastic_search/elastic_search.go:287.48,289.2 1 0
not_your_fathers_search_engine/pkg/services/text_indexer/store/elastic_search/elastic_search.go:291.67,292.15 1 0
not_your_fathers_search_engine/pkg/services/text_indexer/store/elastic_search/elastic_search.go:294.2,294.19 1 0
not_your_fathers_search_engine/pkg/services/text_indexer/store/elastic_search/elastic_search.go:303.2,303.45 1 0
not_your_fathers_search_engine/pkg/services/text_indexer/store/elastic_search/elastic_search.go:292.15,292.39 1 0
not_your_fathers_search_engine/pkg/services/text_indexer/store/elastic_search/elastic_search.go:294.19,296.67 2 0
not_your_fathers_search_engine/pkg/services/text_indexer/store/elastic_search/elastic_search.go:300.3,300.22 1 0
not_your_fathers_search_engine/pkg/services/text_indexer/store/elastic_search/elastic_search.go:296.67,298.4 1 0
not_your_fathers_search_engine/pkg/services/text_indexer/store/elastic_search/elastic_search.go:306.41,315.2 1 0
not_your_fathers_search_engine/pkg/services/text_indexer/store/elastic_search/elastic_search.go:317.41,327.2 1 0
not_your_fathers_search_engine/pkg/services/text_indexer/store/elastic_search/iterator.go:23.37,28.2 4 0
not_your_fathers_search_engine/pkg/services/text_indexer/store/elastic_search/iterator.go:32.35,33.78 1 0
not_your_fathers_search_engine/pkg/services/text_indexer/store/elastic_search/iterator.go:38.2,38.41 1 0
not_your_fathers_search_engine/pkg/services/text_indexer/store/elastic_search/iterator.go:47.2,50.13 4 0
not_your_fathers_search_engine/pkg/services/text_indexer/store/elastic_search/iterator.go:33.78,35.3 1 0
not_your_fathers_search_engine/pkg/services/text_indexer/store/elastic_search/iterator.go:38.41,40.76 2 0
not_your_fathers_search_engine/pkg/services/text_indexer/store/elastic_search/iterator.go:44.3,44.15 1 0
not_your_fathers_search_engine/pkg/services/text_indexer/store/elastic_search/iterator.go:40.76,42.4 1 0
not_your_fathers_search_engine/pkg/services/text_indexer/store/elastic_search/iterator.go:54.37,56.2 1 0
not_your_fathers_search_engine/pkg/services/text_indexer/store/elastic_search/iterator.go:59.50,61.2 1 0
not_your_fathers_search_engine/pkg/services/text_indexer/store/elastic_search/iterator.go:64.43,66.2 1 0
not_your_fathers_search_engine/pkg/services/linkgraph/store/cockroach_db/cockroach_db.go:24.65,26.16 2 1
not_your_fathers_search_engine/pkg/services/linkgraph/store/cockroach_db/cockroach_db.go:30.2,30.39 1 1
not_your_fathers_search_engine/pkg/services/linkgraph/store/cockroach_db/cockroach_db.go:26.16,28.3 1 0
not_your_fathers_search_engine/pkg/services/linkgraph/store/cockroach_db/cockroach_db.go:34.42,36.2 1 0
not_your_fathers_search_engine/pkg/services/linkgraph/store/cockroach_db/cockroach_db.go:39.63,42.62 3 0
not_your_fathers_search_engine/pkg/services/linkgraph/store/cockroach_db/cockroach_db.go:46.2,47.12 2 0
not_your_fathers_search_engine/pkg/services/linkgraph/store/cockroach_db/cockroach_db.go:42.62,44.3 1 0
not_your_fathers_search_engine/pkg/services/linkgraph/store/cockroach_db/cockroach_db.go:51.72,54.63 3 0
not_your_fathers_search_engine/pkg/services/linkgraph/store/cockroach_db/cockroach_db.go:62.2,63.18 2 0
not_your_fathers_search_engine/pkg/services/linkgraph/store/cockroach_db/cockroach_db.go:54.63,55.27 1 0
not_your_fathers_search_engine/pkg/services/linkgraph/store/cockroach_db/cockroach_db.go:59.3,59.51 1 0
not_your_fathers_search_engine/pkg/services/linkgraph/store/cockroach_db/cockroach_db.go:55.27,57.4 1 0
not_your_fathers_search_engine/pkg/services/linkgraph/store/cockroach_db/cockroach_db.go:68.112,70.16 2 0
not_your_fathers_search_engine/pkg/services/linkgraph/store/cockroach_db/cockroach_db.go:74.2,74.39 1 0
not_your_fathers_search_engine/pkg/services/linkgraph/store/cockroach_db/cockroach_db.go:70.16,72.3 1 0
not_your_fathers_search_engine/pkg/services/linkgraph/store/cockroach_db/cockroach_db.go:78.63,80.60 2 0
not_your_fathers_search_engine/pkg/services/linkgraph/store/cockroach_db/cockroach_db.go:87.2,88.12 2 0
not_your_fathers_search_engine/pkg/services/linkgraph/store/cockroach_db/cockroach_db.go:80.60,81.38 1 0
not_your_fathers_search_engine/pkg/services/linkgraph/store/cockroach_db/cockroach_db.go:84.3,84.48 1 0
not_your_fathers_search_engine/pkg/services/linkgraph/store/cockroach_db/cockroach_db.go:81.38,83.4 1 0
not_your_fathers_search_engine/pkg/services/linkgraph/store/cockroach_db/cockroach_db.go:94.111,96.16 2 0
not_your_fathers_search_engine/pkg/services/linkgraph/store/cockroach_db/cockroach_db.go:100.2,100.39 1 0
not_your_fathers_search_engine/pkg/services/linkgraph/store/cockroach_db/cockroach_db.go:96.16,98.3 1 0
not_your_fathers_search_engine/pkg/services/linkgraph/store/cockroach_db/cockroach_db.go:105.94,107.16 2 0
not_your_fathers_search_engine/pkg/services/linkgraph/store/cockroach_db/cockroach_db.go:111.2,111.12 1 0
not_your_fathers_search_engine/pkg/services/linkgraph/store/cockroach_db/cockroach_db.go:107.16,109.3 1 0
not_your_fathers_search_engine/pkg/services/linkgraph/store/cockroach_db/cockroach_db.go:116.49,118.12 2 0
not_your_fathers_search_engine/pkg/services/linkgraph/store/cockroach_db/cockroach_db.go:122.2,122.53 1 0
not_your_fathers_search_engine/pkg/services/linkgraph/store/cockroach_db/cockroach_db.go:118.12,120.3 1 0
not_your_fathers_search_engine/pkg/services/linkgraph/store/cockroach_db/iterator.go:18.36,19.40 1 0
not_your_fathers_search_engine/pkg/services/linkgraph/store/cockroach_db/iterator.go:23.2,25.22 3 0
not_your_fathers_search_engine/pkg/services/linkgraph/store/cockroach_db/iterator.go:28.2,31.13 3 0
not_your_fathers_search_engine/pkg/services/linkgraph/store/cockroach_db/iterator.go:19.40,21.3 1 0
not_your_fathers_search_engine/pkg/services/linkgraph/store/cockroach_db/iterator.go:25.22,27.3 1 0
not_your_fathers_search_engine/pkg/services/linkgraph/store/cockroach_db/iterator.go:35.38,37.2 1 0
not_your_fathers_search_engine/pkg/services/linkgraph/store/cockroach_db/iterator.go:40.38,42.16 2 0
not_your_fathers_search_engine/pkg/services/linkgraph/store/cockroach_db/iterator.go:45.2,45.12 1 0
not_your_fathers_search_engine/pkg/services/linkgraph/store/cockroach_db/iterator.go:42.16,44.3 1 0
not_your_fathers_search_engine/pkg/services/linkgraph/store/cockroach_db/iterator.go:49.43,51.2 1 0
not_your_fathers_search_engine/pkg/services/linkgraph/store/cockroach_db/iterator.go:61.36,62.40 1 0
not_your_fathers_search_engine/pkg/services/linkgraph/store/cockroach_db/iterator.go:66.2,68.22 3 0
not_your_fathers_search_engine/pkg/services/linkgraph/store/cockroach_db/iterator.go:71.2,74.13 3 0
not_your_fathers_search_engine/pkg/services/linkgraph/store/cockroach_db/iterator.go:62.40,64.3 1 0
not_your_fathers_search_engine/pkg/services/linkgraph/store/cockroach_db/iterator.go:68.22,70.3 1 0
not_your_fathers_search_engine/pkg/services/linkgraph/store/cockroach_db/iterator.go:78.38,80.2 1 0
not_your_fathers_search_engine/pkg/services/linkgraph/store/cockroach_db/iterator.go:83.38,85.16 2 0
not_your_fathers_search_engine/pkg/services/linkgraph/store/cockroach_db/iterator.go:88.2,88.12 1 0
not_your_fathers_search_engine/pkg/services/linkgraph/store/cockroach_db/iterator.go:85.16,87.3 1 0
not_your_fathers_search_engine/pkg/services/linkgraph/store/cockroach_db/iterator.go:92.43,94.2 1 0
not_your_fathers_search_engine/pkg/services/linkgraph/store/cockroach_db/queries.go:16.28,25.2 1 1
not_your_fathers_search_engine/pkg/services/text_indexer/store/memory/bleve.go:38.63,42.16 3 8
not_your_fathers_search_engine/pkg/services/text_indexer/store/memory/bleve.go:46.2,49.8 1 8
not_your_fathers_search_engine/pkg/services/text_indexer/store/memory/bleve.go:42.16,44.3 1 0
not_your_fathers_search_engine/pkg/services/text_indexer/store/memory/bleve.go:53.46,55.2 1 8
not_your_fathers_search_engine/pkg/services/text_indexer/store/memory/bleve.go:59.65,60.28 1 256
not_your_fathers_search_engine/pkg/services/text_indexer/store/memory/bleve.go:64.2,71.41 5 255
not_your_fathers_search_engine/pkg/services/text_indexer/store/memory/bleve.go:75.2,75.62 1 255
not_your_fathers_search_engine/pkg/services/text_indexer/store/memory/bleve.go:79.2,81.12 3 255
not_your_fathers_search_engine/pkg/services/text_indexer/store/memory/bleve.go:60.28,62.3 1 1
not_your_fathers_search_engine/pkg/services/text_indexer/store/memory/bleve.go:71.41,73.3 1 2
not_your_fathers_search_engine/pkg/services/text_indexer/store/memory/bleve.go:75.62,77.3 1 0
not_your_fathers_search_engine/pkg/services/text_indexer/store/memory/bleve.go:85.84,87.2 1 4
not_your_fathers_search_engine/pkg/services/text_indexer/store/memory/bleve.go:90.81,94.39 3 254
not_your_fathers_search_engine/pkg/services/text_indexer/store/memory/bleve.go:98.2,98.65 1 1
not_your_fathers_search_engine/pkg/services/text_indexer/store/memory/bleve.go:94.39,96.3 1 253
not_your_fathers_search_engine/pkg/services/text_indexer/store/memory/bleve.go:103.78,105.16 2 6
not_your_fathers_search_engine/pkg/services/text_indexer/store/memory/bleve.go:112.2,117.16 6 6
not_your_fathers_search_engine/pkg/services/text_indexer/store/memory/bleve.go:121.2,121.85 1 6
not_your_fathers_search_engine/pkg/services/text_indexer/store/memory/bleve.go:106.29,107.47 1 1
not_your_fathers_search_engine/pkg/services/text_indexer/store/memory/bleve.go:108.10,109.41 1 5
not_your_fathers_search_engine/pkg/services/text_indexer/store/memory/bleve.go:117.16,119.3 1 0
not_your_fathers_search_engine/pkg/services/text_indexer/store/memory/bleve.go:127.83,134.12 5 352
not_your_fathers_search_engine/pkg/services/text_indexer/store/memory/bleve.go:139.2,140.60 2 352
not_your_fathers_search_engine/pkg/services/text_indexer/store/memory/bleve.go:144.2,144.12 1 352
not_your_fathers_search_engine/pkg/services/text_indexer/store/memory/bleve.go:134.12,137.3 2 1
not_your_fathers_search_engine/pkg/services/text_indexer/store/memory/bleve.go:140.60,142.3 1 0
not_your_fathers_search_engine/pkg/services/text_indexer/store/memory/bleve.go:147.49,151.2 3 508
not_your_fathers_search_engine/pkg/services/text_indexer/store/memory/bleve.go:153.47,159.2 1 607
not_your_fathers_search_engine/pkg/services/text_indexer/store/memory/iterator.go:22.40,25.18 3 6
not_your_fathers_search_engine/pkg/services/text_indexer/store/memory/iterator.go:28.2,28.12 1 6
not_your_fathers_search_engine/pkg/services/text_indexer/store/memory/iterator.go:25.18,27.3 1 6
not_your_fathers_search_engine/pkg/services/text_indexer/store/memory/iterator.go:33.38,34.67 1 256
not_your_fathers_search_engine/pkg/services/text_indexer/store/memory/iterator.go:39.2,39.34 1 250
not_your_fathers_search_engine/pkg/services/text_indexer/store/memory/iterator.go:48.2,49.76 2 250
not_your_fathers_search_engine/pkg/services/text_indexer/store/memory/iterator.go:53.2,55.13 3 250
not_your_fathers_search_engine/pkg/services/text_indexer/store/memory/iterator.go:34.67,36.3 1 6
not_your_fathers_search_engine/pkg/services/text_indexer/store/memory/iterator.go:39.34,41.77 2 20
not_your_fathers_search_engine/pkg/services/text_indexer/store/memory/iterator.go:45.3,45.15 1 20
not_your_fathers_search_engine/pkg/services/text_indexer/store/memory/iterator.go:41.77,43.4 1 0
not_your_fathers_search_engine/pkg/services/text_indexer/store/memory/iterator.go:49.76,51.3 1 0
not_your_fathers_search_engine/pkg/services/text_indexer/store/memory/iterator.go:59.40,61.2 1 6
not_your_fathers_search_engine/pkg/services/text_indexer/store/memory/iterator.go:64.53,66.2 1 250
not_your_fathers_search_engine/pkg/services/text_indexer/store/memory/iterator.go:69.46,70.18 1 0
not_your_fathers_search_engine/pkg/services/text_indexer/store/memory/iterator.go:73.2,73.20 1 0
not_your_fathers_search_engine/pkg/services/text_indexer/store/memory/iterator.go:70.18,72.3 1 0
